# JRE version: Java(TM) SE Runtime Environment (8.0_241-b07) (build 1.8.0_241-b07)
# Java VM: Java HotSpot(TM) 64-Bit Server VM (25.241-b07 mixed mode windows-amd64 compressed oops)
Heap:
 PSYoungGen      total 211968K, used 33417K [0x0000000780980000, 0x000000078f500000, 0x00000007c0000000)
  eden space 203264K, 16% used [0x0000000780980000,0x0000000782a227e0,0x000000078d000000)
  from space 8704K, 0% used [0x000000078ec80000,0x000000078ec80000,0x000000078f500000)
  to   space 18944K, 0% used [0x000000078d000000,0x000000078d000000,0x000000078e280000)
 ParOldGen       total 81920K, used 21814K [0x0000000701c00000, 0x0000000706c00000, 0x0000000780980000)
  object space 81920K, 26% used [0x0000000701c00000,0x000000070314db30,0x0000000706c00000)
 Metaspace       used 48346K, capacity 51021K, committed 51368K, reserved 1095680K
  class space    used 6704K, capacity 7190K, committed 7336K, reserved 1048576K
GC Heap History (10 events):
Event: 7.866 GC heap before
{Heap before GC invocations=11 (full 3):
 PSYoungGen      total 208896K, used 14821K [0x0000000780980000, 0x000000078fb00000, 0x00000007c0000000)
  eden space 194048K, 0% used [0x0000000780980000,0x0000000780980000,0x000000078c700000)
  from space 14848K, 99% used [0x000000078ec80000,0x000000078faf9598,0x000000078fb00000)
  to   space 11776K, 0% used [0x000000078c700000,0x000000078c700000,0x000000078d280000)
 ParOldGen       total 81920K, used 21986K [0x0000000701c00000, 0x0000000706c00000, 0x0000000780980000)
  object space 81920K, 26% used [0x0000000701c00000,0x0000000703178bd8,0x0000000706c00000)
 Metaspace       used 45950K, capacity 48391K, committed 48424K, reserved 1095680K
  class space    used 6228K, capacity 6684K, committed 6696K, reserved 1048576K
Event: 8.047 GC heap after
Heap after GC invocations=11 (full 3):
 PSYoungGen      total 208896K, used 0K [0x0000000780980000, 0x000000078fb00000, 0x00000007c0000000)
  eden space 194048K, 0% used [0x0000000780980000,0x0000000780980000,0x000000078c700000)
  from space 14848K, 0% used [0x000000078ec80000,0x000000078ec80000,0x000000078fb00000)
  to   space 11776K, 0% used [0x000000078c700000,0x000000078c700000,0x000000078d280000)
 ParOldGen       total 81920K, used 31272K [0x0000000701c00000, 0x0000000706c00000, 0x0000000780980000)
  object space 81920K, 38% used [0x0000000701c00000,0x0000000703a8a250,0x0000000706c00000)
 Metaspace       used 45950K, capacity 48391K, committed 48424K, reserved 1093632K
  class space    used 6228K, capacity 6684K, committed 6696K, reserved 1048576K
}
Event: 8.086 GC heap before
{Heap before GC invocations=12 (full 3):
 PSYoungGen      total 208896K, used 8116K [0x0000000780980000, 0x000000078fb00000, 0x00000007c0000000)
  eden space 194048K, 4% used [0x0000000780980000,0x000000078116d158,0x000000078c700000)
  from space 14848K, 0% used [0x000000078ec80000,0x000000078ec80000,0x000000078fb00000)
  to   space 11776K, 0% used [0x000000078c700000,0x000000078c700000,0x000000078d280000)
 ParOldGen       total 81920K, used 31272K [0x0000000701c00000, 0x0000000706c00000, 0x0000000780980000)
  object space 81920K, 38% used [0x0000000701c00000,0x0000000703a8a250,0x0000000706c00000)
 Metaspace       used 46252K, capacity 48665K, committed 48808K, reserved 1099776K
  class space    used 6292K, capacity 6754K, committed 6824K, reserved 1048576K
Event: 8.090 GC heap after
Heap after GC invocations=12 (full 3):
 PSYoungGen      total 205824K, used 496K [0x0000000780980000, 0x000000078fb00000, 0x00000007c0000000)
  eden space 194048K, 0% used [0x0000000780980000,0x0000000780980000,0x000000078c700000)
  from space 11776K, 4% used [0x000000078c700000,0x000000078c77c220,0x000000078d280000)
  to   space 14848K, 0% used [0x000000078ec80000,0x000000078ec80000,0x000000078fb00000)
 ParOldGen       total 81920K, used 31272K [0x0000000701c00000, 0x0000000706c00000, 0x0000000780980000)
  object space 81920K, 38% used [0x0000000701c00000,0x0000000703a8a250,0x0000000706c00000)
 Metaspace       used 46252K, capacity 48665K, committed 48808K, reserved 1099776K
  class space    used 6292K, capacity 6754K, committed 6824K, reserved 1048576K
}
Event: 8.090 GC heap before
{Heap before GC invocations=13 (full 4):
 PSYoungGen      total 205824K, used 496K [0x0000000780980000, 0x000000078fb00000, 0x00000007c0000000)
  eden space 194048K, 0% used [0x0000000780980000,0x0000000780980000,0x000000078c700000)
  from space 11776K, 4% used [0x000000078c700000,0x000000078c77c220,0x000000078d280000)
  to   space 14848K, 0% used [0x000000078ec80000,0x000000078ec80000,0x000000078fb00000)
 ParOldGen       total 81920K, used 31272K [0x0000000701c00000, 0x0000000706c00000, 0x0000000780980000)
  object space 81920K, 38% used [0x0000000701c00000,0x0000000703a8a250,0x0000000706c00000)
 Metaspace       used 46252K, capacity 48665K, committed 48808K, reserved 1099776K
  class space    used 6292K, capacity 6754K, committed 6824K, reserved 1048576K
Event: 8.173 GC heap after
Heap after GC invocations=13 (full 4):
 PSYoungGen      total 205824K, used 0K [0x0000000780980000, 0x000000078fb00000, 0x00000007c0000000)
  eden space 194048K, 0% used [0x0000000780980000,0x0000000780980000,0x000000078c700000)
  from space 11776K, 0% used [0x000000078c700000,0x000000078c700000,0x000000078d280000)
  to   space 14848K, 0% used [0x000000078ec80000,0x000000078ec80000,0x000000078fb00000)
 ParOldGen       total 81920K, used 21726K [0x0000000701c00000, 0x0000000706c00000, 0x0000000780980000)
  object space 81920K, 26% used [0x0000000701c00000,0x0000000703137ab0,0x0000000706c00000)
 Metaspace       used 46252K, capacity 48665K, committed 48808K, reserved 1095680K
  class space    used 6292K, capacity 6754K, committed 6824K, reserved 1048576K
}
Event: 8.208 GC heap before
{Heap before GC invocations=14 (full 4):
 PSYoungGen      total 205824K, used 3939K [0x0000000780980000, 0x000000078fb00000, 0x00000007c0000000)
  eden space 194048K, 2% used [0x0000000780980000,0x0000000780d58f70,0x000000078c700000)
  from space 11776K, 0% used [0x000000078c700000,0x000000078c700000,0x000000078d280000)
  to   space 14848K, 0% used [0x000000078ec80000,0x000000078ec80000,0x000000078fb00000)
 ParOldGen       total 81920K, used 21726K [0x0000000701c00000, 0x0000000706c00000, 0x0000000780980000)
  object space 81920K, 26% used [0x0000000701c00000,0x0000000703137ab0,0x0000000706c00000)
 Metaspace       used 46495K, capacity 48899K, committed 49064K, reserved 1095680K
  class space    used 6337K, capacity 6789K, committed 6824K, reserved 1048576K
Event: 8.213 GC heap after
Heap after GC invocations=14 (full 4):
 PSYoungGen      total 211968K, used 544K [0x0000000780980000, 0x000000078f500000, 0x00000007c0000000)
  eden space 203264K, 0% used [0x0000000780980000,0x0000000780980000,0x000000078d000000)
  from space 8704K, 6% used [0x000000078ec80000,0x000000078ed08000,0x000000078f500000)
  to   space 18944K, 0% used [0x000000078d000000,0x000000078d000000,0x000000078e280000)
 ParOldGen       total 81920K, used 21726K [0x0000000701c00000, 0x0000000706c00000, 0x0000000780980000)
  object space 81920K, 26% used [0x0000000701c00000,0x0000000703137ab0,0x0000000706c00000)
 Metaspace       used 46495K, capacity 48899K, committed 49064K, reserved 1095680K
  class space    used 6337K, capacity 6789K, committed 6824K, reserved 1048576K
}
Event: 8.213 GC heap before
{Heap before GC invocations=15 (full 5):
 PSYoungGen      total 211968K, used 544K [0x0000000780980000, 0x000000078f500000, 0x00000007c0000000)
  eden space 203264K, 0% used [0x0000000780980000,0x0000000780980000,0x000000078d000000)
  from space 8704K, 6% used [0x000000078ec80000,0x000000078ed08000,0x000000078f500000)
  to   space 18944K, 0% used [0x000000078d000000,0x000000078d000000,0x000000078e280000)
 ParOldGen       total 81920K, used 21726K [0x0000000701c00000, 0x0000000706c00000, 0x0000000780980000)
  object space 81920K, 26% used [0x0000000701c00000,0x0000000703137ab0,0x0000000706c00000)
 Metaspace       used 46495K, capacity 48899K, committed 49064K, reserved 1095680K
  class space    used 6337K, capacity 6789K, committed 6824K, reserved 1048576K
Event: 8.363 GC heap after
Heap after GC invocations=15 (full 5):
 PSYoungGen      total 211968K, used 0K [0x0000000780980000, 0x000000078f500000, 0x00000007c0000000)
  eden space 203264K, 0% used [0x0000000780980000,0x0000000780980000,0x000000078d000000)
  from space 8704K, 0% used [0x000000078ec80000,0x000000078ec80000,0x000000078f500000)
  to   space 18944K, 0% used [0x000000078d000000,0x000000078d000000,0x000000078e280000)
 ParOldGen       total 81920K, used 21814K [0x0000000701c00000, 0x0000000706c00000, 0x0000000780980000)
  object space 81920K, 26% used [0x0000000701c00000,0x000000070314db30,0x0000000706c00000)
 Metaspace       used 46495K, capacity 48899K, committed 49064K, reserved 1095680K
  class space    used 6337K, capacity 6789K, committed 6824K, reserved 1048576K
}

